<?xml version="1.0" encoding="UTF-8"?>
<!-- Generated by org.testng.reporters.JUnitXMLReporter -->
<testsuite ignored="4" hostname="DESKTOP-C2F882H" failures="0" tests="5" name="Test" time="71.376" errors="0" timestamp="2023-07-26T17:27:31 PKT">
  <testcase classname="com.qa.tests.LoginTest" name="invalidPassword" time="10.421"/>
  <testcase classname="com.qa.tests.LoginTest" name="invalidUserName" time="3.91"/>
  <testcase classname="com.qa.tests.LoginTest" name="successfullLogin" time="5.047"/>
  <testcase classname="com.qa.tests.ProductsTest" name="validProductOnProductDetailPage" time="4.764"/>
  <testcase classname="com.qa.tests.ProductsTest" name="validProductOnProductsPage" time="2.282"/>
  <testcase classname="com.qa.BaseTest" name="@AfterTest afterTest" time="0.0">
    <ignored/>
  </testcase> <!-- @AfterTest afterTest -->
  <testcase classname="com.qa.BaseTest" name="@BeforeSuite beforeSuite" time="0.0">
    <ignored/>
  </testcase> <!-- @BeforeSuite beforeSuite -->
  <testcase classname="com.qa.BaseTest" name="@AfterSuite afterSuite" time="0.0">
    <ignored/>
  </testcase> <!-- @AfterSuite afterSuite -->
  <testcase classname="com.qa.BaseTest" name="@BeforeTest beforeTest" time="0.0">
    <ignored/>
  </testcase> <!-- @BeforeTest beforeTest -->
</testsuite> <!-- Test -->
