<?xml version="1.0" encoding="UTF-8"?>
<testng-results ignored="0" total="5" passed="5" failed="0" skipped="0">
  <reporter-output>
  </reporter-output>
  <suite started-at="2023-08-01T18:17:59 PKT" name="Suite" finished-at="2023-08-01T18:19:12 PKT" duration-ms="72702">
    <groups>
    </groups>
    <test started-at="2023-08-01T18:17:59 PKT" name="Test" finished-at="2023-08-01T18:19:12 PKT" duration-ms="72702">
      <class name="com.qa.tests.ProductsTest">
        <test-method is-config="true" signature="beforeClass()[pri:0, instance:com.qa.tests.ProductsTest@5553d0f5]" started-at="2023-08-01T18:18:43 PKT" name="beforeClass" finished-at="2023-08-01T18:18:45 PKT" duration-ms="1570" status="PASS">
          <reporter-output>
          </reporter-output>
        </test-method> <!-- beforeClass -->
        <test-method is-config="true" signature="beforeMethod()[pri:0, instance:com.qa.tests.ProductsTest@5553d0f5]" started-at="2023-08-01T18:18:45 PKT" name="beforeMethod" finished-at="2023-08-01T18:18:52 PKT" duration-ms="6790" status="PASS">
          <reporter-output>
          </reporter-output>
        </test-method> <!-- beforeMethod -->
        <test-method signature="validProductOnProductDetailPage()[pri:0, instance:com.qa.tests.ProductsTest@5553d0f5]" started-at="2023-08-01T18:18:52 PKT" name="validProductOnProductDetailPage" finished-at="2023-08-01T18:18:57 PKT" duration-ms="5701" status="PASS">
          <reporter-output>
          </reporter-output>
        </test-method> <!-- validProductOnProductDetailPage -->
        <test-method is-config="true" signature="afterMethod()[pri:0, instance:com.qa.tests.ProductsTest@5553d0f5]" started-at="2023-08-01T18:18:57 PKT" name="afterMethod" finished-at="2023-08-01T18:19:00 PKT" duration-ms="2806" status="PASS">
          <reporter-output>
          </reporter-output>
        </test-method> <!-- afterMethod -->
        <test-method is-config="true" signature="AfterMethod(org.testng.ITestResult)[pri:0, instance:com.qa.tests.ProductsTest@5553d0f5]" started-at="2023-08-01T18:19:00 PKT" name="AfterMethod" finished-at="2023-08-01T18:19:00 PKT" duration-ms="350" status="PASS">
          <params>
            <param index="0">
              <value>
                <![CDATA[[TestResult name=validProductOnProductDetailPage status=SUCCESS method=ProductsTest.validProductOnProductDetailPage()[pri:0, instance:com.qa.tests.ProductsTest@5553d0f5] output={null}]]]>
              </value>
            </param>
          </params>
          <reporter-output>
          </reporter-output>
        </test-method> <!-- AfterMethod -->
        <test-method is-config="true" signature="beforeMethod()[pri:0, instance:com.qa.tests.ProductsTest@5553d0f5]" started-at="2023-08-01T18:19:00 PKT" name="beforeMethod" finished-at="2023-08-01T18:19:04 PKT" duration-ms="3990" status="PASS">
          <reporter-output>
          </reporter-output>
        </test-method> <!-- beforeMethod -->
        <test-method signature="validProductOnProductsPage()[pri:0, instance:com.qa.tests.ProductsTest@5553d0f5]" started-at="2023-08-01T18:19:04 PKT" name="validProductOnProductsPage" finished-at="2023-08-01T18:19:07 PKT" duration-ms="2503" status="PASS">
          <reporter-output>
          </reporter-output>
        </test-method> <!-- validProductOnProductsPage -->
        <test-method is-config="true" signature="afterMethod()[pri:0, instance:com.qa.tests.ProductsTest@5553d0f5]" started-at="2023-08-01T18:19:07 PKT" name="afterMethod" finished-at="2023-08-01T18:19:10 PKT" duration-ms="2989" status="PASS">
          <reporter-output>
          </reporter-output>
        </test-method> <!-- afterMethod -->
        <test-method is-config="true" signature="AfterMethod(org.testng.ITestResult)[pri:0, instance:com.qa.tests.ProductsTest@5553d0f5]" started-at="2023-08-01T18:19:10 PKT" name="AfterMethod" finished-at="2023-08-01T18:19:10 PKT" duration-ms="439" status="PASS">
          <params>
            <param index="0">
              <value>
                <![CDATA[[TestResult name=validProductOnProductsPage status=SUCCESS method=ProductsTest.validProductOnProductsPage()[pri:0, instance:com.qa.tests.ProductsTest@5553d0f5] output={null}]]]>
              </value>
            </param>
          </params>
          <reporter-output>
          </reporter-output>
        </test-method> <!-- AfterMethod -->
        <test-method is-config="true" signature="afterClass()[pri:0, instance:com.qa.tests.ProductsTest@5553d0f5]" started-at="2023-08-01T18:19:10 PKT" name="afterClass" finished-at="2023-08-01T18:19:10 PKT" duration-ms="1" status="PASS">
          <reporter-output>
          </reporter-output>
        </test-method> <!-- afterClass -->
      </class> <!-- com.qa.tests.ProductsTest -->
      <class name="com.qa.tests.LoginTest">
        <test-method is-config="true" signature="beforeSuite()[pri:0, instance:com.qa.tests.LoginTest@68044f4]" started-at="2023-08-01T18:17:45 PKT" name="beforeSuite" finished-at="2023-08-01T18:17:59 PKT" duration-ms="13835" status="PASS">
          <reporter-output>
          </reporter-output>
        </test-method> <!-- beforeSuite -->
        <test-method is-config="true" signature="beforeTest(java.lang.String,java.lang.String,java.lang.String,java.lang.String)[pri:0, instance:com.qa.tests.LoginTest@68044f4]" started-at="2023-08-01T18:17:59 PKT" name="beforeTest" finished-at="2023-08-01T18:18:19 PKT" duration-ms="19828" status="PASS">
          <params>
            <param index="0">
              <value>
                <![CDATA[Android]]>
              </value>
            </param>
            <param index="1">
              <value>
                <![CDATA[emulator-5554]]>
              </value>
            </param>
            <param index="2">
              <value>
                <![CDATA[14]]>
              </value>
            </param>
            <param index="3">
              <value>
                <![CDATA[pixel_6]]>
              </value>
            </param>
          </params>
          <reporter-output>
          </reporter-output>
        </test-method> <!-- beforeTest -->
        <test-method is-config="true" signature="beforeClass()[pri:0, instance:com.qa.tests.LoginTest@68044f4]" started-at="2023-08-01T18:18:19 PKT" name="beforeClass" finished-at="2023-08-01T18:18:21 PKT" duration-ms="2451" status="PASS">
          <reporter-output>
          </reporter-output>
        </test-method> <!-- beforeClass -->
        <test-method is-config="true" signature="beforeMethod()[pri:0, instance:com.qa.tests.LoginTest@68044f4]" started-at="2023-08-01T18:18:21 PKT" name="beforeMethod" finished-at="2023-08-01T18:18:24 PKT" duration-ms="2247" status="PASS">
          <reporter-output>
          </reporter-output>
        </test-method> <!-- beforeMethod -->
        <test-method signature="invalidPassword()[pri:0, instance:com.qa.tests.LoginTest@68044f4]" started-at="2023-08-01T18:18:24 PKT" name="invalidPassword" finished-at="2023-08-01T18:18:34 PKT" duration-ms="9893" status="PASS">
          <reporter-output>
          </reporter-output>
        </test-method> <!-- invalidPassword -->
        <test-method is-config="true" signature="afterMethod()[pri:0, instance:com.qa.tests.LoginTest@68044f4]" started-at="2023-08-01T18:18:34 PKT" name="afterMethod" finished-at="2023-08-01T18:18:34 PKT" duration-ms="0" status="PASS">
          <reporter-output>
          </reporter-output>
        </test-method> <!-- afterMethod -->
        <test-method is-config="true" signature="AfterMethod(org.testng.ITestResult)[pri:0, instance:com.qa.tests.LoginTest@68044f4]" started-at="2023-08-01T18:18:34 PKT" name="AfterMethod" finished-at="2023-08-01T18:18:34 PKT" duration-ms="175" status="PASS">
          <params>
            <param index="0">
              <value>
                <![CDATA[[TestResult name=invalidPassword status=SUCCESS method=LoginTest.invalidPassword()[pri:0, instance:com.qa.tests.LoginTest@68044f4] output={null}]]]>
              </value>
            </param>
          </params>
          <reporter-output>
          </reporter-output>
        </test-method> <!-- AfterMethod -->
        <test-method is-config="true" signature="beforeMethod()[pri:0, instance:com.qa.tests.LoginTest@68044f4]" started-at="2023-08-01T18:18:34 PKT" name="beforeMethod" finished-at="2023-08-01T18:18:34 PKT" duration-ms="241" status="PASS">
          <reporter-output>
          </reporter-output>
        </test-method> <!-- beforeMethod -->
        <test-method signature="invalidUserName()[pri:0, instance:com.qa.tests.LoginTest@68044f4]" started-at="2023-08-01T18:18:34 PKT" name="invalidUserName" finished-at="2023-08-01T18:18:37 PKT" duration-ms="3183" status="PASS">
          <reporter-output>
          </reporter-output>
        </test-method> <!-- invalidUserName -->
        <test-method is-config="true" signature="afterMethod()[pri:0, instance:com.qa.tests.LoginTest@68044f4]" started-at="2023-08-01T18:18:37 PKT" name="afterMethod" finished-at="2023-08-01T18:18:37 PKT" duration-ms="1" status="PASS">
          <reporter-output>
          </reporter-output>
        </test-method> <!-- afterMethod -->
        <test-method is-config="true" signature="AfterMethod(org.testng.ITestResult)[pri:0, instance:com.qa.tests.LoginTest@68044f4]" started-at="2023-08-01T18:18:37 PKT" name="AfterMethod" finished-at="2023-08-01T18:18:37 PKT" duration-ms="107" status="PASS">
          <params>
            <param index="0">
              <value>
                <![CDATA[[TestResult name=invalidUserName status=SUCCESS method=LoginTest.invalidUserName()[pri:0, instance:com.qa.tests.LoginTest@68044f4] output={null}]]]>
              </value>
            </param>
          </params>
          <reporter-output>
          </reporter-output>
        </test-method> <!-- AfterMethod -->
        <test-method is-config="true" signature="beforeMethod()[pri:0, instance:com.qa.tests.LoginTest@68044f4]" started-at="2023-08-01T18:18:37 PKT" name="beforeMethod" finished-at="2023-08-01T18:18:37 PKT" duration-ms="223" status="PASS">
          <reporter-output>
          </reporter-output>
        </test-method> <!-- beforeMethod -->
        <test-method signature="successfullLogin()[pri:0, instance:com.qa.tests.LoginTest@68044f4]" started-at="2023-08-01T18:18:37 PKT" name="successfullLogin" finished-at="2023-08-01T18:18:43 PKT" duration-ms="5552" status="PASS">
          <reporter-output>
          </reporter-output>
        </test-method> <!-- successfullLogin -->
        <test-method is-config="true" signature="afterMethod()[pri:0, instance:com.qa.tests.LoginTest@68044f4]" started-at="2023-08-01T18:18:43 PKT" name="afterMethod" finished-at="2023-08-01T18:18:43 PKT" duration-ms="0" status="PASS">
          <reporter-output>
          </reporter-output>
        </test-method> <!-- afterMethod -->
        <test-method is-config="true" signature="AfterMethod(org.testng.ITestResult)[pri:0, instance:com.qa.tests.LoginTest@68044f4]" started-at="2023-08-01T18:18:43 PKT" name="AfterMethod" finished-at="2023-08-01T18:18:43 PKT" duration-ms="105" status="PASS">
          <params>
            <param index="0">
              <value>
                <![CDATA[[TestResult name=successfullLogin status=SUCCESS method=LoginTest.successfullLogin()[pri:0, instance:com.qa.tests.LoginTest@68044f4] output={null}]]]>
              </value>
            </param>
          </params>
          <reporter-output>
          </reporter-output>
        </test-method> <!-- AfterMethod -->
        <test-method is-config="true" signature="afterClass()[pri:0, instance:com.qa.tests.LoginTest@68044f4]" started-at="2023-08-01T18:18:43 PKT" name="afterClass" finished-at="2023-08-01T18:18:43 PKT" duration-ms="0" status="PASS">
          <reporter-output>
          </reporter-output>
        </test-method> <!-- afterClass -->
        <test-method is-config="true" signature="afterTest()[pri:0, instance:com.qa.tests.LoginTest@68044f4]" started-at="2023-08-01T18:19:10 PKT" name="afterTest" finished-at="2023-08-01T18:19:12 PKT" duration-ms="1323" status="PASS">
          <reporter-output>
          </reporter-output>
        </test-method> <!-- afterTest -->
        <test-method is-config="true" signature="afterSuite()[pri:0, instance:com.qa.tests.LoginTest@68044f4]" started-at="2023-08-01T18:19:12 PKT" name="afterSuite" finished-at="2023-08-01T18:19:12 PKT" duration-ms="53" status="PASS">
          <reporter-output>
          </reporter-output>
        </test-method> <!-- afterSuite -->
      </class> <!-- com.qa.tests.LoginTest -->
    </test> <!-- Test -->
  </suite> <!-- Suite -->
</testng-results>
