<?xml version="1.0" encoding="UTF-8"?>
<testng-results ignored="0" total="5" passed="5" failed="0" skipped="0">
  <reporter-output>
  </reporter-output>
  <suite started-at="2023-07-26T17:26:20 PKT" name="Suite" finished-at="2023-07-26T17:27:31 PKT" duration-ms="71376">
    <groups>
    </groups>
    <test started-at="2023-07-26T17:26:20 PKT" name="Test" finished-at="2023-07-26T17:27:31 PKT" duration-ms="71376">
      <class name="com.qa.tests.ProductsTest">
        <test-method is-config="true" signature="beforeClass()[pri:0, instance:com.qa.tests.ProductsTest@758f4f03]" started-at="2023-07-26T17:27:06 PKT" name="beforeClass" finished-at="2023-07-26T17:27:07 PKT" duration-ms="1608" status="PASS">
          <reporter-output>
          </reporter-output>
        </test-method> <!-- beforeClass -->
        <test-method is-config="true" signature="beforeMethod()[pri:0, instance:com.qa.tests.ProductsTest@758f4f03]" started-at="2023-07-26T17:27:07 PKT" name="beforeMethod" finished-at="2023-07-26T17:27:14 PKT" duration-ms="7110" status="PASS">
          <reporter-output>
          </reporter-output>
        </test-method> <!-- beforeMethod -->
        <test-method signature="validProductOnProductDetailPage()[pri:0, instance:com.qa.tests.ProductsTest@758f4f03]" started-at="2023-07-26T17:27:14 PKT" name="validProductOnProductDetailPage" finished-at="2023-07-26T17:27:19 PKT" duration-ms="4764" status="PASS">
          <reporter-output>
          </reporter-output>
        </test-method> <!-- validProductOnProductDetailPage -->
        <test-method is-config="true" signature="afterMethod()[pri:0, instance:com.qa.tests.ProductsTest@758f4f03]" started-at="2023-07-26T17:27:19 PKT" name="afterMethod" finished-at="2023-07-26T17:27:21 PKT" duration-ms="2400" status="PASS">
          <reporter-output>
          </reporter-output>
        </test-method> <!-- afterMethod -->
        <test-method is-config="true" signature="AfterMethod(org.testng.ITestResult)[pri:0, instance:com.qa.tests.ProductsTest@758f4f03]" started-at="2023-07-26T17:27:21 PKT" name="AfterMethod" finished-at="2023-07-26T17:27:22 PKT" duration-ms="281" status="PASS">
          <params>
            <param index="0">
              <value>
                <![CDATA[[TestResult name=validProductOnProductDetailPage status=SUCCESS method=ProductsTest.validProductOnProductDetailPage()[pri:0, instance:com.qa.tests.ProductsTest@758f4f03] output={null}]]]>
              </value>
            </param>
          </params>
          <reporter-output>
          </reporter-output>
        </test-method> <!-- AfterMethod -->
        <test-method is-config="true" signature="beforeMethod()[pri:0, instance:com.qa.tests.ProductsTest@758f4f03]" started-at="2023-07-26T17:27:22 PKT" name="beforeMethod" finished-at="2023-07-26T17:27:25 PKT" duration-ms="3179" status="PASS">
          <reporter-output>
          </reporter-output>
        </test-method> <!-- beforeMethod -->
        <test-method signature="validProductOnProductsPage()[pri:0, instance:com.qa.tests.ProductsTest@758f4f03]" started-at="2023-07-26T17:27:25 PKT" name="validProductOnProductsPage" finished-at="2023-07-26T17:27:27 PKT" duration-ms="2282" status="PASS">
          <reporter-output>
          </reporter-output>
        </test-method> <!-- validProductOnProductsPage -->
        <test-method is-config="true" signature="afterMethod()[pri:0, instance:com.qa.tests.ProductsTest@758f4f03]" started-at="2023-07-26T17:27:27 PKT" name="afterMethod" finished-at="2023-07-26T17:27:30 PKT" duration-ms="2627" status="PASS">
          <reporter-output>
          </reporter-output>
        </test-method> <!-- afterMethod -->
        <test-method is-config="true" signature="AfterMethod(org.testng.ITestResult)[pri:0, instance:com.qa.tests.ProductsTest@758f4f03]" started-at="2023-07-26T17:27:30 PKT" name="AfterMethod" finished-at="2023-07-26T17:27:30 PKT" duration-ms="316" status="PASS">
          <params>
            <param index="0">
              <value>
                <![CDATA[[TestResult name=validProductOnProductsPage status=SUCCESS method=ProductsTest.validProductOnProductsPage()[pri:0, instance:com.qa.tests.ProductsTest@758f4f03] output={null}]]]>
              </value>
            </param>
          </params>
          <reporter-output>
          </reporter-output>
        </test-method> <!-- AfterMethod -->
        <test-method is-config="true" signature="afterClass()[pri:0, instance:com.qa.tests.ProductsTest@758f4f03]" started-at="2023-07-26T17:27:30 PKT" name="afterClass" finished-at="2023-07-26T17:27:30 PKT" duration-ms="0" status="PASS">
          <reporter-output>
          </reporter-output>
        </test-method> <!-- afterClass -->
      </class> <!-- com.qa.tests.ProductsTest -->
      <class name="com.qa.tests.LoginTest">
        <test-method is-config="true" signature="beforeSuite()[pri:0, instance:com.qa.tests.LoginTest@5db99216]" started-at="2023-07-26T17:26:08 PKT" name="beforeSuite" finished-at="2023-07-26T17:26:20 PKT" duration-ms="11673" status="PASS">
          <reporter-output>
          </reporter-output>
        </test-method> <!-- beforeSuite -->
        <test-method is-config="true" signature="beforeTest(java.lang.String,java.lang.String,java.lang.String,java.lang.String)[pri:0, instance:com.qa.tests.LoginTest@5db99216]" started-at="2023-07-26T17:26:20 PKT" name="beforeTest" finished-at="2023-07-26T17:26:38 PKT" duration-ms="18323" status="PASS">
          <params>
            <param index="0">
              <value>
                <![CDATA[Android]]>
              </value>
            </param>
            <param index="1">
              <value>
                <![CDATA[emulator-5554]]>
              </value>
            </param>
            <param index="2">
              <value>
                <![CDATA[14]]>
              </value>
            </param>
            <param index="3">
              <value>
                <![CDATA[pixel_6]]>
              </value>
            </param>
          </params>
          <reporter-output>
          </reporter-output>
        </test-method> <!-- beforeTest -->
        <test-method is-config="true" signature="beforeClass()[pri:0, instance:com.qa.tests.LoginTest@5db99216]" started-at="2023-07-26T17:26:38 PKT" name="beforeClass" finished-at="2023-07-26T17:26:41 PKT" duration-ms="2901" status="PASS">
          <reporter-output>
          </reporter-output>
        </test-method> <!-- beforeClass -->
        <test-method is-config="true" signature="beforeMethod()[pri:0, instance:com.qa.tests.LoginTest@5db99216]" started-at="2023-07-26T17:26:41 PKT" name="beforeMethod" finished-at="2023-07-26T17:26:45 PKT" duration-ms="3622" status="PASS">
          <reporter-output>
          </reporter-output>
        </test-method> <!-- beforeMethod -->
        <test-method signature="invalidPassword()[pri:0, instance:com.qa.tests.LoginTest@5db99216]" started-at="2023-07-26T17:26:45 PKT" name="invalidPassword" finished-at="2023-07-26T17:26:55 PKT" duration-ms="10421" status="PASS">
          <reporter-output>
          </reporter-output>
        </test-method> <!-- invalidPassword -->
        <test-method is-config="true" signature="afterMethod()[pri:0, instance:com.qa.tests.LoginTest@5db99216]" started-at="2023-07-26T17:26:55 PKT" name="afterMethod" finished-at="2023-07-26T17:26:55 PKT" duration-ms="1" status="PASS">
          <reporter-output>
          </reporter-output>
        </test-method> <!-- afterMethod -->
        <test-method is-config="true" signature="AfterMethod(org.testng.ITestResult)[pri:0, instance:com.qa.tests.LoginTest@5db99216]" started-at="2023-07-26T17:26:55 PKT" name="AfterMethod" finished-at="2023-07-26T17:26:56 PKT" duration-ms="321" status="PASS">
          <params>
            <param index="0">
              <value>
                <![CDATA[[TestResult name=invalidPassword status=SUCCESS method=LoginTest.invalidPassword()[pri:0, instance:com.qa.tests.LoginTest@5db99216] output={null}]]]>
              </value>
            </param>
          </params>
          <reporter-output>
          </reporter-output>
        </test-method> <!-- AfterMethod -->
        <test-method is-config="true" signature="beforeMethod()[pri:0, instance:com.qa.tests.LoginTest@5db99216]" started-at="2023-07-26T17:26:56 PKT" name="beforeMethod" finished-at="2023-07-26T17:26:56 PKT" duration-ms="157" status="PASS">
          <reporter-output>
          </reporter-output>
        </test-method> <!-- beforeMethod -->
        <test-method signature="invalidUserName()[pri:0, instance:com.qa.tests.LoginTest@5db99216]" started-at="2023-07-26T17:26:56 PKT" name="invalidUserName" finished-at="2023-07-26T17:27:00 PKT" duration-ms="3910" status="PASS">
          <reporter-output>
          </reporter-output>
        </test-method> <!-- invalidUserName -->
        <test-method is-config="true" signature="afterMethod()[pri:0, instance:com.qa.tests.LoginTest@5db99216]" started-at="2023-07-26T17:27:00 PKT" name="afterMethod" finished-at="2023-07-26T17:27:00 PKT" duration-ms="2" status="PASS">
          <reporter-output>
          </reporter-output>
        </test-method> <!-- afterMethod -->
        <test-method is-config="true" signature="AfterMethod(org.testng.ITestResult)[pri:0, instance:com.qa.tests.LoginTest@5db99216]" started-at="2023-07-26T17:27:00 PKT" name="AfterMethod" finished-at="2023-07-26T17:27:00 PKT" duration-ms="130" status="PASS">
          <params>
            <param index="0">
              <value>
                <![CDATA[[TestResult name=invalidUserName status=SUCCESS method=LoginTest.invalidUserName()[pri:0, instance:com.qa.tests.LoginTest@5db99216] output={null}]]]>
              </value>
            </param>
          </params>
          <reporter-output>
          </reporter-output>
        </test-method> <!-- AfterMethod -->
        <test-method is-config="true" signature="beforeMethod()[pri:0, instance:com.qa.tests.LoginTest@5db99216]" started-at="2023-07-26T17:27:00 PKT" name="beforeMethod" finished-at="2023-07-26T17:27:00 PKT" duration-ms="448" status="PASS">
          <reporter-output>
          </reporter-output>
        </test-method> <!-- beforeMethod -->
        <test-method signature="successfullLogin()[pri:0, instance:com.qa.tests.LoginTest@5db99216]" started-at="2023-07-26T17:27:00 PKT" name="successfullLogin" finished-at="2023-07-26T17:27:05 PKT" duration-ms="5047" status="PASS">
          <reporter-output>
          </reporter-output>
        </test-method> <!-- successfullLogin -->
        <test-method is-config="true" signature="afterMethod()[pri:0, instance:com.qa.tests.LoginTest@5db99216]" started-at="2023-07-26T17:27:05 PKT" name="afterMethod" finished-at="2023-07-26T17:27:05 PKT" duration-ms="0" status="PASS">
          <reporter-output>
          </reporter-output>
        </test-method> <!-- afterMethod -->
        <test-method is-config="true" signature="AfterMethod(org.testng.ITestResult)[pri:0, instance:com.qa.tests.LoginTest@5db99216]" started-at="2023-07-26T17:27:05 PKT" name="AfterMethod" finished-at="2023-07-26T17:27:06 PKT" duration-ms="249" status="PASS">
          <params>
            <param index="0">
              <value>
                <![CDATA[[TestResult name=successfullLogin status=SUCCESS method=LoginTest.successfullLogin()[pri:0, instance:com.qa.tests.LoginTest@5db99216] output={null}]]]>
              </value>
            </param>
          </params>
          <reporter-output>
          </reporter-output>
        </test-method> <!-- AfterMethod -->
        <test-method is-config="true" signature="afterClass()[pri:0, instance:com.qa.tests.LoginTest@5db99216]" started-at="2023-07-26T17:27:06 PKT" name="afterClass" finished-at="2023-07-26T17:27:06 PKT" duration-ms="0" status="PASS">
          <reporter-output>
          </reporter-output>
        </test-method> <!-- afterClass -->
        <test-method is-config="true" signature="afterTest()[pri:0, instance:com.qa.tests.LoginTest@5db99216]" started-at="2023-07-26T17:27:30 PKT" name="afterTest" finished-at="2023-07-26T17:27:31 PKT" duration-ms="1101" status="PASS">
          <reporter-output>
          </reporter-output>
        </test-method> <!-- afterTest -->
        <test-method is-config="true" signature="afterSuite()[pri:0, instance:com.qa.tests.LoginTest@5db99216]" started-at="2023-07-26T17:27:31 PKT" name="afterSuite" finished-at="2023-07-26T17:27:31 PKT" duration-ms="52" status="PASS">
          <reporter-output>
          </reporter-output>
        </test-method> <!-- afterSuite -->
      </class> <!-- com.qa.tests.LoginTest -->
    </test> <!-- Test -->
  </suite> <!-- Suite -->
</testng-results>
